<?xml version="1.0" encoding="UTF-8"?>
<!-- Generated by org.testng.reporters.JUnitXMLReporter -->
<testsuite ignored="0" hostname="Afshan" failures="1" tests="2" name="Test" time="35.241" errors="0" timestamp="2026-06-18T18:46:24 IST">
  <testcase classname="testCases.TC001_Register" name="registrationTest" time="23.357">
    <failure type="java.lang.AssertionError" message="expected [true] but found [false]">
      <![CDATA[java.lang.AssertionError: expected [true] but found [false]
at testCases.TC001_Register.registrationTest(TC001_Register.java:66)
at java.base/java.util.ArrayList.forEach(ArrayList.java:1597)
... Removed 29 stack frames]]>
    </failure>
  </testcase> <!-- registrationTest -->
  <testcase classname="testCases.TC002_Login" name="loginTest" time="1.689"/>
</testsuite> <!-- Test -->
