<?xml version="1.0" encoding="UTF-8"?>
<!-- Generated by org.testng.reporters.JUnitXMLReporter -->
<testsuite ignored="0" hostname="Afshan" failures="1" tests="1" name="chromeTest" time="55.044" errors="0" timestamp="2026-06-13T16:11:52 IST">
  <testcase classname="testCases.TC001_Register" name="registrationTest" time="34.398">
    <failure type="java.lang.AssertionError" message="expected [true] but found [false]">
      <![CDATA[java.lang.AssertionError: expected [true] but found [false]
at testCases.TC001_Register.registrationTest(TC001_Register.java:67)
at java.base/java.util.ArrayList.forEach(ArrayList.java:1597)
at java.base/java.util.concurrent.FutureTask.run(FutureTask.java:317)
at java.base/java.util.concurrent.ThreadPoolExecutor.runWorker(ThreadPoolExecutor.java:1144)
at java.base/java.util.concurrent.ThreadPoolExecutor$Worker.run(ThreadPoolExecutor.java:642)
at java.base/java.lang.Thread.run(Thread.java:1575)
... Removed 19 stack frames]]>
    </failure>
  </testcase> <!-- registrationTest -->
</testsuite> <!-- chromeTest -->
