<?xml version="1.0" encoding="UTF-8"?>
<testng-results ignored="0" total="1" passed="1" failed="0" skipped="0">
  <reporter-output>
  </reporter-output>
  <suite started-at="2026-06-23T15:57:45 IST" name="Suite" finished-at="2026-06-23T15:58:02 IST" duration-ms="17725">
    <groups>
      <group name="Master">
        <method signature="TC002_Login.loginTest()[pri:0, instance:testCases.TC002_Login@60129b9a]" name="loginTest" class="testCases.TC002_Login"/>
      </group> <!-- Master -->
      <group name="regression">
        <method signature="TC002_Login.loginTest()[pri:0, instance:testCases.TC002_Login@60129b9a]" name="loginTest" class="testCases.TC002_Login"/>
      </group> <!-- regression -->
    </groups>
    <test started-at="2026-06-23T15:57:45 IST" name="Test" finished-at="2026-06-23T15:58:02 IST" duration-ms="17725">
      <class name="testCases.TC002_Login">
        <test-method is-config="true" signature="setUp(java.lang.String,java.lang.String)[pri:0, instance:testCases.TC002_Login@60129b9a]" started-at="2026-06-23T15:57:45 IST" name="setUp" finished-at="2026-06-23T15:58:00 IST" duration-ms="15184" status="PASS">
          <params>
            <param index="0">
              <value>
                <![CDATA[windows]]>
              </value>
            </param>
            <param index="1">
              <value>
                <![CDATA[Chrome]]>
              </value>
            </param>
          </params>
          <reporter-output>
          </reporter-output>
        </test-method> <!-- setUp -->
        <test-method signature="loginTest()[pri:0, instance:testCases.TC002_Login@60129b9a]" started-at="2026-06-23T15:58:00 IST" name="loginTest" finished-at="2026-06-23T15:58:02 IST" duration-ms="2044" status="PASS">
          <reporter-output>
          </reporter-output>
        </test-method> <!-- loginTest -->
        <test-method is-config="true" signature="tearDown()[pri:0, instance:testCases.TC002_Login@60129b9a]" started-at="2026-06-23T15:58:02 IST" name="tearDown" finished-at="2026-06-23T15:58:02 IST" duration-ms="407" status="PASS">
          <reporter-output>
          </reporter-output>
        </test-method> <!-- tearDown -->
      </class> <!-- testCases.TC002_Login -->
    </test> <!-- Test -->
  </suite> <!-- Suite -->
</testng-results>
